2017-04-25 16:28:56,551 [Worker-1] INFO  c.g.t.t.d.PublishedGradleVersions - Gradle version information cache is up-to-date. Trying to read.
2017-04-25 16:29:57,898 [Worker-7] INFO  o.e.m.c.i.l.LifecycleMappingFactory - Using org.eclipse.m2e.jdt.JarLifecycleMapping lifecycle mapping for MavenProject: ClientExcutor:ClientExcutor:0.0.1-SNAPSHOT @ D:\project\eclipse\ControlAndroid\ClientExcutor\pom.xml.
2017-04-25 16:29:57,898 [Worker-12] INFO  o.e.m.c.i.l.LifecycleMappingFactory - Using org.eclipse.m2e.jdt.JarLifecycleMapping lifecycle mapping for MavenProject: ClientExcutor:ClientExcutor:0.0.1-SNAPSHOT @ D:\project\eclipse\ControlAndroid\ClientExcutor\pom.xml.
2017-04-25 16:29:58,297 [Worker-7] WARN  o.e.m.c.i.embedder.EclipseLogger - Using platform encoding (GBK actually) to copy filtered resources, i.e. build is platform dependent!
2017-04-25 16:29:58,302 [Worker-7] INFO  o.e.m.c.i.embedder.EclipseLogger - skip non existing resourceDirectory D:\project\eclipse\ControlAndroid\ClientExcutor\src\main\resources
2017-04-25 16:29:58,304 [Worker-7] WARN  o.e.m.c.i.embedder.EclipseLogger - Using platform encoding (GBK actually) to copy filtered resources, i.e. build is platform dependent!
2017-04-25 16:29:58,305 [Worker-7] INFO  o.e.m.c.i.embedder.EclipseLogger - skip non existing resourceDirectory D:\project\eclipse\ControlAndroid\ClientExcutor\src\test\resources
2017-04-25 16:29:59,854 [Worker-10] INFO  o.e.m.c.i.l.LifecycleMappingFactory - Using org.eclipse.m2e.jdt.JarLifecycleMapping lifecycle mapping for MavenProject: ClientExcutor:ClientExcutor:0.0.1-SNAPSHOT @ D:\project\eclipse\ControlAndroid\ClientExcutor\pom.xml.
2017-04-25 16:30:00,655 [Worker-5] WARN  o.e.m.c.i.embedder.EclipseLogger - Using platform encoding (GBK actually) to copy filtered resources, i.e. build is platform dependent!
2017-04-25 16:30:00,657 [Worker-5] INFO  o.e.m.c.i.embedder.EclipseLogger - skip non existing resourceDirectory D:\project\eclipse\ControlAndroid\ClientExcutor\src\main\resources
2017-04-25 16:30:00,659 [Worker-5] WARN  o.e.m.c.i.embedder.EclipseLogger - Using platform encoding (GBK actually) to copy filtered resources, i.e. build is platform dependent!
2017-04-25 16:30:00,660 [Worker-5] INFO  o.e.m.c.i.embedder.EclipseLogger - skip non existing resourceDirectory D:\project\eclipse\ControlAndroid\ClientExcutor\src\test\resources
2017-04-25 16:30:22,745 [Worker-9] INFO  o.e.m.c.i.l.LifecycleMappingFactory - Using org.eclipse.m2e.jdt.JarLifecycleMapping lifecycle mapping for MavenProject: ClientRealser:ClientRealser:0.0.1-SNAPSHOT @ D:\project\eclipse\ControlAndroid\ClientControl\pom.xml.
2017-04-25 16:30:22,886 [Worker-9] WARN  o.e.m.c.i.embedder.EclipseLogger - Using platform encoding (GBK actually) to copy filtered resources, i.e. build is platform dependent!
2017-04-25 16:30:22,889 [Worker-9] INFO  o.e.m.c.i.embedder.EclipseLogger - skip non existing resourceDirectory D:\project\eclipse\ControlAndroid\ClientControl\src\main\resources
2017-04-25 16:30:22,891 [Worker-9] WARN  o.e.m.c.i.embedder.EclipseLogger - Using platform encoding (GBK actually) to copy filtered resources, i.e. build is platform dependent!
2017-04-25 16:30:22,892 [Worker-9] INFO  o.e.m.c.i.embedder.EclipseLogger - skip non existing resourceDirectory D:\project\eclipse\ControlAndroid\ClientControl\src\test\resources
2017-04-25 16:30:23,714 [Worker-13] INFO  o.e.m.c.i.l.LifecycleMappingFactory - Using org.eclipse.m2e.jdt.JarLifecycleMapping lifecycle mapping for MavenProject: ClientRealser:ClientRealser:0.0.1-SNAPSHOT @ D:\project\eclipse\ControlAndroid\ClientControl\pom.xml.
2017-04-25 16:30:24,308 [Worker-4] WARN  o.e.m.c.i.embedder.EclipseLogger - Using platform encoding (GBK actually) to copy filtered resources, i.e. build is platform dependent!
2017-04-25 16:30:24,309 [Worker-4] INFO  o.e.m.c.i.embedder.EclipseLogger - skip non existing resourceDirectory D:\project\eclipse\ControlAndroid\ClientControl\src\main\resources
2017-04-25 16:30:24,311 [Worker-4] WARN  o.e.m.c.i.embedder.EclipseLogger - Using platform encoding (GBK actually) to copy filtered resources, i.e. build is platform dependent!
2017-04-25 16:30:24,312 [Worker-4] INFO  o.e.m.c.i.embedder.EclipseLogger - skip non existing resourceDirectory D:\project\eclipse\ControlAndroid\ClientControl\src\test\resources
2017-04-25 16:32:19,820 [Worker-6] INFO  o.e.m.c.i.l.LifecycleMappingFactory - Using org.eclipse.m2e.jdt.JarLifecycleMapping lifecycle mapping for MavenProject: com.ycx:Client:0.0.1-SNAPSHOT @ D:\project\eclipse\ControlAndroid\Server\pom.xml.
2017-04-25 16:32:19,824 [Worker-14] INFO  o.e.m.c.i.l.LifecycleMappingFactory - Using org.eclipse.m2e.jdt.JarLifecycleMapping lifecycle mapping for MavenProject: com.ycx:Client:0.0.1-SNAPSHOT @ D:\project\eclipse\ControlAndroid\Server\pom.xml.
2017-04-25 16:32:19,928 [Worker-14] INFO  o.e.m.c.i.embedder.EclipseLogger - Using 'UTF-8' encoding to copy filtered resources.
2017-04-25 16:32:19,928 [Worker-14] INFO  o.e.m.c.i.embedder.EclipseLogger - skip non existing resourceDirectory D:\project\eclipse\ControlAndroid\Server\src\main\resources
2017-04-25 16:32:19,929 [Worker-14] INFO  o.e.m.c.i.embedder.EclipseLogger - Using 'UTF-8' encoding to copy filtered resources.
2017-04-25 16:32:19,929 [Worker-14] INFO  o.e.m.c.i.embedder.EclipseLogger - skip non existing resourceDirectory D:\project\eclipse\ControlAndroid\Server\src\test\resources
2017-04-25 16:32:21,467 [Worker-2] INFO  o.e.m.c.i.l.LifecycleMappingFactory - Using org.eclipse.m2e.jdt.JarLifecycleMapping lifecycle mapping for MavenProject: com.ycx:Client:0.0.1-SNAPSHOT @ D:\project\eclipse\ControlAndroid\Server\pom.xml.
2017-04-25 16:32:21,474 [Worker-3] INFO  o.e.m.c.i.embedder.EclipseLogger - Using 'UTF-8' encoding to copy filtered resources.
2017-04-25 16:32:21,474 [Worker-3] INFO  o.e.m.c.i.embedder.EclipseLogger - skip non existing resourceDirectory D:\project\eclipse\ControlAndroid\Server\src\main\resources
2017-04-25 16:32:21,476 [Worker-3] INFO  o.e.m.c.i.embedder.EclipseLogger - Using 'UTF-8' encoding to copy filtered resources.
2017-04-25 16:32:21,476 [Worker-3] INFO  o.e.m.c.i.embedder.EclipseLogger - skip non existing resourceDirectory D:\project\eclipse\ControlAndroid\Server\src\test\resources
2017-04-25 16:32:22,524 [Worker-14] INFO  o.e.m.c.i.embedder.EclipseLogger - Using 'UTF-8' encoding to copy filtered resources.
2017-04-25 16:32:22,524 [Worker-14] INFO  o.e.m.c.i.embedder.EclipseLogger - skip non existing resourceDirectory D:\project\eclipse\ControlAndroid\Server\src\main\resources
2017-04-25 16:32:22,525 [Worker-14] INFO  o.e.m.c.i.embedder.EclipseLogger - Using 'UTF-8' encoding to copy filtered resources.
2017-04-25 16:32:22,525 [Worker-14] INFO  o.e.m.c.i.embedder.EclipseLogger - skip non existing resourceDirectory D:\project\eclipse\ControlAndroid\Server\src\test\resources
2017-04-25 16:32:47,108 [Worker-7] WARN  o.e.m.c.i.embedder.EclipseLogger - Using platform encoding (GBK actually) to copy filtered resources, i.e. build is platform dependent!
2017-04-25 16:32:47,109 [Worker-7] INFO  o.e.m.c.i.embedder.EclipseLogger - skip non existing resourceDirectory D:\project\eclipse\ControlAndroid\ClientControl\src\main\resources
2017-04-25 16:32:47,110 [Worker-7] WARN  o.e.m.c.i.embedder.EclipseLogger - Using platform encoding (GBK actually) to copy filtered resources, i.e. build is platform dependent!
2017-04-25 16:32:47,111 [Worker-7] INFO  o.e.m.c.i.embedder.EclipseLogger - skip non existing resourceDirectory D:\project\eclipse\ControlAndroid\ClientControl\src\test\resources
2017-04-25 16:32:47,117 [Worker-7] WARN  o.e.m.c.i.embedder.EclipseLogger - Using platform encoding (GBK actually) to copy filtered resources, i.e. build is platform dependent!
2017-04-25 16:32:47,118 [Worker-7] INFO  o.e.m.c.i.embedder.EclipseLogger - skip non existing resourceDirectory D:\project\eclipse\ControlAndroid\ClientExcutor\src\main\resources
2017-04-25 16:32:47,121 [Worker-7] WARN  o.e.m.c.i.embedder.EclipseLogger - Using platform encoding (GBK actually) to copy filtered resources, i.e. build is platform dependent!
2017-04-25 16:32:47,122 [Worker-7] INFO  o.e.m.c.i.embedder.EclipseLogger - skip non existing resourceDirectory D:\project\eclipse\ControlAndroid\ClientExcutor\src\test\resources
2017-04-25 16:32:47,128 [Worker-7] INFO  o.e.m.c.i.embedder.EclipseLogger - Using 'UTF-8' encoding to copy filtered resources.
2017-04-25 16:32:47,128 [Worker-7] INFO  o.e.m.c.i.embedder.EclipseLogger - skip non existing resourceDirectory D:\project\eclipse\ControlAndroid\Server\src\main\resources
2017-04-25 16:32:47,130 [Worker-7] INFO  o.e.m.c.i.embedder.EclipseLogger - Using 'UTF-8' encoding to copy filtered resources.
2017-04-25 16:32:47,130 [Worker-7] INFO  o.e.m.c.i.embedder.EclipseLogger - skip non existing resourceDirectory D:\project\eclipse\ControlAndroid\Server\src\test\resources
